#
# There is insufficient memory for the Java Runtime Environment to continue.
# Native memory allocation (malloc) failed to allocate 2325856 bytes for Chunk::new
# Possible reasons:
#   The system is out of physical RAM or swap space
#   The process is running with CompressedOops enabled, and the Java Heap may be blocking the growth of the native heap
# Possible solutions:
#   Reduce memory load on the system
#   Increase physical memory or swap space
#   Check if swap backing store is full
#   Decrease Java heap size (-Xmx/-Xms)
#   Decrease number of Java threads
#   Decrease Java thread stack sizes (-Xss)
#   Set larger code cache with -XX:ReservedCodeCacheSize=
#   JVM is running with Unscaled Compressed Oops mode in which the Java heap is
#     placed in the first 4GB address space. The Java Heap base address is the
#     maximum limit for the native heap growth. Please use -XX:HeapBaseMinAddress
#     to set the Java Heap base and to place the Java Heap above 4GB virtual address.
# This output file may be truncated or incomplete.
#
#  Out of Memory Error (arena.cpp:189), pid=11904, tid=4920
#
# JRE version: OpenJDK Runtime Environment Temurin-17.0.4+8 (17.0.4+8) (build 17.0.4+8)
# Java VM: OpenJDK 64-Bit Server VM Temurin-17.0.4+8 (17.0.4+8, mixed mode, tiered, compressed oops, compressed class ptrs, g1 gc, windows-amd64)
# No core dump will be written. Minidumps are not enabled by default on client versions of Windows
#

---------------  S U M M A R Y ------------

Command Line: -Dfile.encoding=UTF-8 -XX:+ShowCodeDetailsInExceptionMessages com.publish.KafkaPublisharApplication

Host: Intel(R) Xeon(R) Platinum 8370C CPU @ 2.80GHz, 2 cores, 7G,  Windows 10 , 64 bit Build 19041 (10.0.19041.1889)
Time: Fri Sep 30 04:17:45 2022 Coordinated Universal Time elapsed time: 1533.521997 seconds (0d 0h 25m 33s)

---------------  T H R E A D  ---------------

Current thread (0x00000263a5a77820):  JavaThread "C2 CompilerThread0" daemon [_thread_in_native, id=4920, stack(0x000000fbc8d00000,0x000000fbc8e00000)]


Current CompileTask:
C2:1533522 4973       4       org.springframework.boot.context.properties.source.SoftReferenceConfigurationPropertyCache::get (67 bytes)

Stack: [0x000000fbc8d00000,0x000000fbc8e00000]
Native frames: (J=compiled Java code, j=interpreted, Vv=VM code, C=native code)
V  [jvm.dll+0x67733a]
V  [jvm.dll+0x8323c4]
V  [jvm.dll+0x833b6e]
V  [jvm.dll+0x8341d3]
V  [jvm.dll+0x2455e5]
V  [jvm.dll+0xabd7b]
V  [jvm.dll+0xac30c]
V  [jvm.dll+0x363a77]
V  [jvm.dll+0x32de81]
V  [jvm.dll+0x32d32a]
V  [jvm.dll+0x2184d1]
V  [jvm.dll+0x2178f1]
V  [jvm.dll+0x1a3f8d]
V  [jvm.dll+0x227308]
V  [jvm.dll+0x225455]
V  [jvm.dll+0x7e7eeb]
V  [jvm.dll+0x7e245a]
V  [jvm.dll+0x6761c5]
C  [ucrtbase.dll+0x21bb2]
C  [KERNEL32.DLL+0x17034]
C  [ntdll.dll+0x526a1]


---------------  P R O C E S S  ---------------

Threads class SMR info:
_java_thread_list=0x00000263a9ecc1c0, length=17, elements={
0x00000263a5a27cc0, 0x00000263a5a29510, 0x00000263a5a70ff0, 0x00000263a5a758d0,
0x00000263a5a76190, 0x00000263a5a76b40, 0x00000263a5a77820, 0x00000263a646aaa0,
0x00000263a5a8e210, 0x00000263a656c360, 0x00000263a6586020, 0x00000263aa0256a0,
0x00000263ab3d35c0, 0x00000263ab3d6f80, 0x00000263ab3d18e0, 0x00000263ab3d0f40,
0x00000263ab3d65e0
}

Java Threads: ( => current thread )
  0x00000263a5a27cc0 JavaThread "Reference Handler" daemon [_thread_blocked, id=12904, stack(0x000000fbc8700000,0x000000fbc8800000)]
  0x00000263a5a29510 JavaThread "Finalizer" daemon [_thread_blocked, id=8360, stack(0x000000fbc8800000,0x000000fbc8900000)]
  0x00000263a5a70ff0 JavaThread "Signal Dispatcher" daemon [_thread_blocked, id=15012, stack(0x000000fbc8900000,0x000000fbc8a00000)]
  0x00000263a5a758d0 JavaThread "Attach Listener" daemon [_thread_blocked, id=14556, stack(0x000000fbc8a00000,0x000000fbc8b00000)]
  0x00000263a5a76190 JavaThread "Service Thread" daemon [_thread_blocked, id=1372, stack(0x000000fbc8b00000,0x000000fbc8c00000)]
  0x00000263a5a76b40 JavaThread "Monitor Deflation Thread" daemon [_thread_blocked, id=13116, stack(0x000000fbc8c00000,0x000000fbc8d00000)]
=>0x00000263a5a77820 JavaThread "C2 CompilerThread0" daemon [_thread_in_native, id=4920, stack(0x000000fbc8d00000,0x000000fbc8e00000)]
  0x00000263a646aaa0 JavaThread "C1 CompilerThread0" daemon [_thread_blocked, id=11304, stack(0x000000fbc8e00000,0x000000fbc8f00000)]
  0x00000263a5a8e210 JavaThread "Sweeper thread" daemon [_thread_blocked, id=8776, stack(0x000000fbc8f00000,0x000000fbc9000000)]
  0x00000263a656c360 JavaThread "Notification Thread" daemon [_thread_blocked, id=8460, stack(0x000000fbc9000000,0x000000fbc9100000)]
  0x00000263a6586020 JavaThread "Common-Cleaner" daemon [_thread_blocked, id=3912, stack(0x000000fbc9200000,0x000000fbc9300000)]
  0x00000263aa0256a0 JavaThread "Live Reload Server" daemon [_thread_in_native, id=7500, stack(0x000000fbc9b00000,0x000000fbc9c00000)]
  0x00000263ab3d35c0 JavaThread "DestroyJavaVM" [_thread_blocked, id=1440, stack(0x000000fbc8000000,0x000000fbc8100000)]
  0x00000263ab3d6f80 JavaThread "Thread-5" [_thread_blocked, id=4520, stack(0x000000fbc7d00000,0x000000fbc7e00000)]
  0x00000263ab3d18e0 JavaThread "File Watcher" daemon [_thread_blocked, id=12660, stack(0x000000fbc9400000,0x000000fbc9500000)]
  0x00000263ab3d0f40 JavaThread "File Watcher" daemon [_thread_blocked, id=11564, stack(0x000000fbc9700000,0x000000fbc9800000)]
  0x00000263ab3d65e0 JavaThread "restartedMain" [_thread_in_vm, id=11492, stack(0x000000fbc9600000,0x000000fbc9700000)]

Other Threads:
  0x00000263a5a419a0 VMThread "VM Thread" [stack: 0x000000fbc8600000,0x000000fbc8700000] [id=13448]
  0x00000263a6570840 WatcherThread [stack: 0x000000fbc9100000,0x000000fbc9200000] [id=9088]
  0x000002638c7af520 GCTaskThread "GC Thread#0" [stack: 0x000000fbc8100000,0x000000fbc8200000] [id=7908]
  0x00000263a67d99e0 GCTaskThread "GC Thread#1" [stack: 0x000000fbc9300000,0x000000fbc9400000] [id=2720]
  0x000002638c7c0460 ConcurrentGCThread "G1 Main Marker" [stack: 0x000000fbc8200000,0x000000fbc8300000] [id=13308]
  0x000002638c7c2760 ConcurrentGCThread "G1 Conc#0" [stack: 0x000000fbc8300000,0x000000fbc8400000] [id=15164]
  0x00000263a58a0090 ConcurrentGCThread "G1 Refine#0" [stack: 0x000000fbc8400000,0x000000fbc8500000] [id=12048]
  0x00000263a58a1390 ConcurrentGCThread "G1 Service" [stack: 0x000000fbc8500000,0x000000fbc8600000] [id=13908]

Threads with active compile tasks:
C2 CompilerThread0  1533540 4973       4       org.springframework.boot.context.properties.source.SoftReferenceConfigurationPropertyCache::get (67 bytes)

VM state: not at safepoint (normal execution)

VM Mutex/Monitor currently owned by a thread:  ([mutex/lock_event])
[0x000002638c74ea80] CompiledIC_lock - owner thread: 0x00000263ab3d65e0

Heap address: 0x0000000080000000, size: 2048 MB, Compressed Oops mode: 32-bit

CDS archive(s) not mapped
Compressed class space mapped at: 0x0000000100000000-0x0000000140000000, reserved size: 1073741824
Narrow klass base: 0x0000000000000000, Narrow klass shift: 3, Narrow klass range: 0x140000000

GC Precious Log:
 CPUs: 2 total, 2 available
 Memory: 8190M
 Large Page Support: Disabled
 NUMA Support: Disabled
 Compressed Oops: Enabled (32-bit)
 Heap Region Size: 1M
 Heap Min Capacity: 8M
 Heap Initial Capacity: 128M
 Heap Max Capacity: 2G
 Pre-touch: Disabled
 Parallel Workers: 2
 Concurrent Workers: 1
 Concurrent Refinement Workers: 2
 Periodic GC: Disabled

Heap:
 garbage-first heap   total 45056K, used 20470K [0x0000000080000000, 0x0000000100000000)
  region size 1024K, 8 young (8192K), 2 survivors (2048K)
 Metaspace       used 38919K, committed 39360K, reserved 1089536K
  class space    used 4480K, committed 4672K, reserved 1048576K

Heap Regions: E=young(eden), S=young(survivor), O=old, HS=humongous(starts), HC=humongous(continues), CS=collection set, F=free, OA=open archive, CA=closed archive, TAMS=top-at-mark-start (previous, next)
|   0|0x0000000080000000, 0x0000000080100000, 0x0000000080100000|100%| O|  |TAMS 0x0000000080100000, 0x0000000080000000| Untracked 
|   1|0x0000000080100000, 0x0000000080200000, 0x0000000080200000|100%| O|  |TAMS 0x0000000080200000, 0x0000000080100000| Untracked 
|   2|0x0000000080200000, 0x0000000080300000, 0x0000000080300000|100%| O|  |TAMS 0x0000000080300000, 0x0000000080200000| Untracked 
|   3|0x0000000080300000, 0x00000000803fffb8, 0x0000000080400000| 99%| O|  |TAMS 0x0000000080300000, 0x0000000080300000| Untracked 
|   4|0x0000000080400000, 0x0000000080500000, 0x0000000080500000|100%| O|  |TAMS 0x0000000080500000, 0x0000000080400000| Untracked 
|   5|0x0000000080500000, 0x0000000080600000, 0x0000000080600000|100%| O|  |TAMS 0x0000000080600000, 0x0000000080500000| Untracked 
|   6|0x0000000080600000, 0x00000000806fffe8, 0x0000000080700000| 99%| O|  |TAMS 0x0000000080600000, 0x0000000080600000| Untracked 
|   7|0x0000000080700000, 0x00000000807fffd8, 0x0000000080800000| 99%| O|  |TAMS 0x0000000080700000, 0x0000000080700000| Untracked 
|   8|0x0000000080800000, 0x00000000808ffff0, 0x0000000080900000| 99%| O|  |TAMS 0x0000000080800000, 0x0000000080800000| Untracked 
|   9|0x0000000080900000, 0x0000000080a00000, 0x0000000080a00000|100%| O|  |TAMS 0x0000000080a00000, 0x0000000080900000| Untracked 
|  10|0x0000000080a00000, 0x0000000080b00000, 0x0000000080b00000|100%| O|  |TAMS 0x0000000080b00000, 0x0000000080a00000| Untracked 
|  11|0x0000000080b00000, 0x0000000080bbbd08, 0x0000000080c00000| 73%| O|  |TAMS 0x0000000080b00000, 0x0000000080b00000| Untracked 
|  12|0x0000000080c00000, 0x0000000080cd2a00, 0x0000000080d00000| 82%| O|  |TAMS 0x0000000080c00000, 0x0000000080c00000| Untracked 
|  13|0x0000000080d00000, 0x0000000080dcbb20, 0x0000000080e00000| 79%| O|  |TAMS 0x0000000080d00000, 0x0000000080d00000| Untracked 
|  14|0x0000000080e00000, 0x0000000080e00000, 0x0000000080f00000|  0%| F|  |TAMS 0x0000000080e00000, 0x0000000080e00000| Untracked 
|  15|0x0000000080f00000, 0x0000000080f00000, 0x0000000081000000|  0%| F|  |TAMS 0x0000000080f00000, 0x0000000080f00000| Untracked 
|  16|0x0000000081000000, 0x0000000081000000, 0x0000000081100000|  0%| F|  |TAMS 0x0000000081000000, 0x0000000081000000| Untracked 
|  17|0x0000000081100000, 0x0000000081100000, 0x0000000081200000|  0%| F|  |TAMS 0x0000000081100000, 0x0000000081100000| Untracked 
|  18|0x0000000081200000, 0x0000000081200000, 0x0000000081300000|  0%| F|  |TAMS 0x0000000081200000, 0x0000000081200000| Untracked 
|  19|0x0000000081300000, 0x0000000081300000, 0x0000000081400000|  0%| F|  |TAMS 0x0000000081300000, 0x0000000081300000| Untracked 
|  20|0x0000000081400000, 0x0000000081400000, 0x0000000081500000|  0%| F|  |TAMS 0x0000000081400000, 0x0000000081400000| Untracked 
|  21|0x0000000081500000, 0x0000000081500000, 0x0000000081600000|  0%| F|  |TAMS 0x0000000081500000, 0x0000000081500000| Untracked 
|  22|0x0000000081600000, 0x00000000816a36e0, 0x0000000081700000| 63%| S|CS|TAMS 0x0000000081600000, 0x0000000081600000| Complete 
|  23|0x0000000081700000, 0x0000000081700000, 0x0000000081800000|  0%| F|  |TAMS 0x0000000081700000, 0x0000000081700000| Untracked 
|  24|0x0000000081800000, 0x0000000081800000, 0x0000000081900000|  0%| F|  |TAMS 0x0000000081800000, 0x0000000081800000| Untracked 
|  25|0x0000000081900000, 0x0000000081a00000, 0x0000000081a00000|100%| S|CS|TAMS 0x0000000081900000, 0x0000000081900000| Complete 
|  26|0x0000000081a00000, 0x0000000081a00000, 0x0000000081b00000|  0%| F|  |TAMS 0x0000000081a00000, 0x0000000081a00000| Untracked 
|  27|0x0000000081b00000, 0x0000000081b00000, 0x0000000081c00000|  0%| F|  |TAMS 0x0000000081b00000, 0x0000000081b00000| Untracked 
|  28|0x0000000081c00000, 0x0000000081c00000, 0x0000000081d00000|  0%| F|  |TAMS 0x0000000081c00000, 0x0000000081c00000| Untracked 
|  29|0x0000000081d00000, 0x0000000081d00000, 0x0000000081e00000|  0%| F|  |TAMS 0x0000000081d00000, 0x0000000081d00000| Untracked 
|  30|0x0000000081e00000, 0x0000000081e00000, 0x0000000081f00000|  0%| F|  |TAMS 0x0000000081e00000, 0x0000000081e00000| Untracked 
|  31|0x0000000081f00000, 0x0000000081f00000, 0x0000000082000000|  0%| F|  |TAMS 0x0000000081f00000, 0x0000000081f00000| Untracked 
|  32|0x0000000082000000, 0x0000000082000000, 0x0000000082100000|  0%| F|  |TAMS 0x0000000082000000, 0x0000000082000000| Untracked 
|  33|0x0000000082100000, 0x0000000082100000, 0x0000000082200000|  0%| F|  |TAMS 0x0000000082100000, 0x0000000082100000| Untracked 
|  34|0x0000000082200000, 0x0000000082200000, 0x0000000082300000|  0%| F|  |TAMS 0x0000000082200000, 0x0000000082200000| Untracked 
|  35|0x0000000082300000, 0x0000000082300000, 0x0000000082400000|  0%| F|  |TAMS 0x0000000082300000, 0x0000000082300000| Untracked 
|  36|0x0000000082400000, 0x0000000082400000, 0x0000000082500000|  0%| F|  |TAMS 0x0000000082400000, 0x0000000082400000| Untracked 
|  37|0x0000000082500000, 0x0000000082500000, 0x0000000082600000|  0%| F|  |TAMS 0x0000000082500000, 0x0000000082500000| Untracked 
|  38|0x0000000082600000, 0x000000008266c240, 0x0000000082700000| 42%| E|  |TAMS 0x0000000082600000, 0x0000000082600000| Complete 
|  39|0x0000000082700000, 0x0000000082800000, 0x0000000082800000|100%| E|CS|TAMS 0x0000000082700000, 0x0000000082700000| Complete 
|  40|0x0000000082800000, 0x0000000082900000, 0x0000000082900000|100%| E|CS|TAMS 0x0000000082800000, 0x0000000082800000| Complete 
|  41|0x0000000082900000, 0x0000000082a00000, 0x0000000082a00000|100%| E|CS|TAMS 0x0000000082900000, 0x0000000082900000| Complete 
|  42|0x0000000082a00000, 0x0000000082b00000, 0x0000000082b00000|100%| E|CS|TAMS 0x0000000082a00000, 0x0000000082a00000| Complete 
|  43|0x0000000082b00000, 0x0000000082c00000, 0x0000000082c00000|100%| E|CS|TAMS 0x0000000082b00000, 0x0000000082b00000| Complete 

Card table byte_map: [0x000002639ee20000,0x000002639f220000] _byte_map_base: 0x000002639ea20000

Marking Bits (Prev, Next): (CMBitMap*) 0x000002638c7afb70, (CMBitMap*) 0x000002638c7afb30
 Prev Bits: [0x00000263a1620000, 0x00000263a3620000)
 Next Bits: [0x000002639f620000, 0x00000263a1620000)

Polling page: 0x000002638a740000

Metaspace:

Usage:
  Non-class:     33.63 MB used.
      Class:      4.38 MB used.
       Both:     38.01 MB used.

Virtual space:
  Non-class space:       40.00 MB reserved,      33.88 MB ( 85%) committed,  5 nodes.
      Class space:        1.00 GB reserved,       4.56 MB ( <1%) committed,  1 nodes.
             Both:        1.04 GB reserved,      38.44 MB (  4%) committed. 

Chunk freelists:
   Non-Class:  1.92 MB
       Class:  3.40 MB
        Both:  5.32 MB

MaxMetaspaceSize: unlimited
CompressedClassSpaceSize: 1.00 GB
Initial GC threshold: 21.00 MB
Current GC threshold: 62.19 MB
CDS: off
MetaspaceReclaimPolicy: balanced
 - commit_granule_bytes: 65536.
 - commit_granule_words: 8192.
 - virtual_space_node_default_size: 1048576.
 - enlarge_chunks_in_place: 1.
 - new_chunks_are_fully_committed: 0.
 - uncommit_free_chunks: 1.
 - use_allocation_guard: 0.
 - handle_deallocations: 1.


Internal statistics:

num_allocs_failed_limit: 6.
num_arena_births: 392.
num_arena_deaths: 0.
num_vsnodes_births: 6.
num_vsnodes_deaths: 0.
num_space_committed: 615.
num_space_uncommitted: 0.
num_chunks_returned_to_freelist: 6.
num_chunks_taken_from_freelist: 1522.
num_chunk_merges: 6.
num_chunk_splits: 970.
num_chunks_enlarged: 675.
num_purges: 0.
num_inconsistent_stats: 0.

CodeHeap 'non-profiled nmethods': size=120064Kb used=3177Kb max_used=3177Kb free=116886Kb
 bounds [0x00000263978e0000, 0x0000026397c00000, 0x000002639ee20000]
CodeHeap 'profiled nmethods': size=120000Kb used=10643Kb max_used=10643Kb free=109356Kb
 bounds [0x00000263903b0000, 0x0000026390e20000, 0x00000263978e0000]
CodeHeap 'non-nmethods': size=5696Kb used=1210Kb max_used=1260Kb free=4485Kb
 bounds [0x000002638fe20000, 0x0000026390090000, 0x00000263903b0000]
 total_blobs=5441 nmethods=4945 adapters=407
 compilation: enabled
              stopped_count=0, restarted_count=0
 full_count=0

Compilation events (20 events):
Event: 1533.286 Thread 0x00000263a646aaa0 nmethod 4963 0x0000026390e10090 code [0x0000026390e10240, 0x0000026390e103a8]
Event: 1533.286 Thread 0x00000263a5a77820 4964       4       java.util.HashMap::keysToArray (81 bytes)
Event: 1533.291 Thread 0x00000263a5a77820 nmethod 4964 0x0000026397bf9210 code [0x0000026397bf93a0, 0x0000026397bf9658]
Event: 1533.291 Thread 0x00000263a646aaa0 4965       3       org.springframework.core.convert.TypeDescriptor::annotationsMatch (66 bytes)
Event: 1533.292 Thread 0x00000263a646aaa0 nmethod 4965 0x0000026390e10490 code [0x0000026390e10700, 0x0000026390e114a8]
Event: 1533.293 Thread 0x00000263a5a77820 4966       4       org.springframework.boot.context.properties.source.SpringIterableConfigurationPropertySource::getPropertySource (5 bytes)
Event: 1533.293 Thread 0x00000263a5a77820 nmethod 4966 0x0000026397bf9810 code [0x0000026397bf9980, 0x0000026397bf9a38]
Event: 1533.294 Thread 0x00000263a646aaa0 4967       3       org.springframework.boot.context.properties.bind.Binder$Context::clearConfigurationProperty (6 bytes)
Event: 1533.294 Thread 0x00000263a646aaa0 nmethod 4967 0x0000026390e11890 code [0x0000026390e11a20, 0x0000026390e11b58]
Event: 1533.294 Thread 0x00000263a646aaa0 4968       3       org.springframework.boot.context.properties.bind.JavaBeanBinder::bind (126 bytes)
Event: 1533.296 Thread 0x00000263a646aaa0 nmethod 4968 0x0000026390e11c10 code [0x0000026390e11fc0, 0x0000026390e13638]
Event: 1533.296 Thread 0x00000263a5a77820 4969       4       java.lang.Math::addExact (32 bytes)
Event: 1533.297 Thread 0x00000263a5a77820 nmethod 4969 0x0000026397bf9b10 code [0x0000026397bf9c80, 0x0000026397bf9d18]
Event: 1533.297 Thread 0x00000263a646aaa0 4970       3       org.springframework.util.PropertyPlaceholderHelper::replacePlaceholders (14 bytes)
Event: 1533.297 Thread 0x00000263a646aaa0 nmethod 4970 0x0000026390e13f90 code [0x0000026390e14160, 0x0000026390e14418]
Event: 1533.298 Thread 0x00000263a646aaa0 4971       3       org.springframework.core.convert.support.GenericConversionService$ConverterCacheKey::equals (55 bytes)
Event: 1533.298 Thread 0x00000263a646aaa0 nmethod 4971 0x0000026390e14590 code [0x0000026390e14760, 0x0000026390e14d38]
Event: 1533.298 Thread 0x00000263a5a77820 4972       4       java.util.HashMap::keysToArray (81 bytes)
Event: 1533.308 Thread 0x00000263a5a77820 nmethod 4972 0x0000026397bf9e10 code [0x0000026397bf9fa0, 0x0000026397bfa518]
Event: 1533.309 Thread 0x00000263a5a77820 4973       4       org.springframework.boot.context.properties.source.SoftReferenceConfigurationPropertyCache::get (67 bytes)

GC Heap History (20 events):
Event: 4.318 GC heap before
{Heap before GC invocations=5 (full 0):
 garbage-first heap   total 30720K, used 21832K [0x0000000080000000, 0x0000000100000000)
  region size 1024K, 18 young (18432K), 3 survivors (3072K)
 Metaspace       used 24388K, committed 24640K, reserved 1073152K
  class space    used 2693K, committed 2816K, reserved 1048576K
}
Event: 4.328 GC heap after
{Heap after GC invocations=6 (full 0):
 garbage-first heap   total 30720K, used 7894K [0x0000000080000000, 0x0000000100000000)
  region size 1024K, 2 young (2048K), 2 survivors (2048K)
 Metaspace       used 24388K, committed 24640K, reserved 1073152K
  class space    used 2693K, committed 2816K, reserved 1048576K
}
Event: 4.377 GC heap before
{Heap before GC invocations=6 (full 0):
 garbage-first heap   total 30720K, used 8918K [0x0000000080000000, 0x0000000100000000)
  region size 1024K, 3 young (3072K), 2 survivors (2048K)
 Metaspace       used 24475K, committed 24704K, reserved 1073152K
  class space    used 2702K, committed 2816K, reserved 1048576K
}
Event: 4.383 GC heap after
{Heap after GC invocations=7 (full 0):
 garbage-first heap   total 30720K, used 8270K [0x0000000080000000, 0x0000000100000000)
  region size 1024K, 1 young (1024K), 1 survivors (1024K)
 Metaspace       used 24475K, committed 24704K, reserved 1073152K
  class space    used 2702K, committed 2816K, reserved 1048576K
}
Event: 4.911 GC heap before
{Heap before GC invocations=7 (full 0):
 garbage-first heap   total 30720K, used 20558K [0x0000000080000000, 0x0000000100000000)
  region size 1024K, 13 young (13312K), 1 survivors (1024K)
 Metaspace       used 25769K, committed 26048K, reserved 1073152K
  class space    used 2845K, committed 2944K, reserved 1048576K
}
Event: 4.916 GC heap after
{Heap after GC invocations=8 (full 0):
 garbage-first heap   total 80896K, used 8882K [0x0000000080000000, 0x0000000100000000)
  region size 1024K, 1 young (1024K), 1 survivors (1024K)
 Metaspace       used 25769K, committed 26048K, reserved 1073152K
  class space    used 2845K, committed 2944K, reserved 1048576K
}
Event: 7.714 GC heap before
{Heap before GC invocations=8 (full 0):
 garbage-first heap   total 80896K, used 55986K [0x0000000080000000, 0x0000000100000000)
  region size 1024K, 47 young (48128K), 1 survivors (1024K)
 Metaspace       used 35108K, committed 35456K, reserved 1081344K
  class space    used 4046K, committed 4224K, reserved 1048576K
}
Event: 7.734 GC heap after
{Heap after GC invocations=9 (full 0):
 garbage-first heap   total 80896K, used 13775K [0x0000000080000000, 0x0000000100000000)
  region size 1024K, 6 young (6144K), 6 survivors (6144K)
 Metaspace       used 35108K, committed 35456K, reserved 1081344K
  class space    used 4046K, committed 4224K, reserved 1048576K
}
Event: 7.832 GC heap before
{Heap before GC invocations=9 (full 0):
 garbage-first heap   total 80896K, used 15823K [0x0000000080000000, 0x0000000100000000)
  region size 1024K, 9 young (9216K), 6 survivors (6144K)
 Metaspace       used 35665K, committed 35968K, reserved 1081344K
  class space    used 4120K, committed 4288K, reserved 1048576K
}
Event: 7.846 GC heap after
{Heap after GC invocations=10 (full 0):
 garbage-first heap   total 80896K, used 14566K [0x0000000080000000, 0x0000000100000000)
  region size 1024K, 1 young (1024K), 1 survivors (1024K)
 Metaspace       used 35665K, committed 35968K, reserved 1081344K
  class space    used 4120K, committed 4288K, reserved 1048576K
}
Event: 1260.303 GC heap before
{Heap before GC invocations=11 (full 0):
 garbage-first heap   total 51200K, used 44262K [0x0000000080000000, 0x0000000100000000)
  region size 1024K, 31 young (31744K), 1 survivors (1024K)
 Metaspace       used 37653K, committed 37952K, reserved 1089536K
  class space    used 4385K, committed 4544K, reserved 1048576K
}
Event: 1260.309 GC heap after
{Heap after GC invocations=12 (full 0):
 garbage-first heap   total 51200K, used 15087K [0x0000000080000000, 0x0000000100000000)
  region size 1024K, 2 young (2048K), 2 survivors (2048K)
 Metaspace       used 37653K, committed 37952K, reserved 1089536K
  class space    used 4385K, committed 4544K, reserved 1048576K
}
Event: 1461.022 GC heap before
{Heap before GC invocations=12 (full 0):
 garbage-first heap   total 51200K, used 19183K [0x0000000080000000, 0x0000000100000000)
  region size 1024K, 7 young (7168K), 2 survivors (2048K)
 Metaspace       used 37831K, committed 38208K, reserved 1089536K
  class space    used 4413K, committed 4608K, reserved 1048576K
}
Event: 1461.062 GC heap after
{Heap after GC invocations=13 (full 1):
 garbage-first heap   total 45056K, used 12829K [0x0000000080000000, 0x0000000100000000)
  region size 1024K, 0 young (0K), 0 survivors (0K)
 Metaspace       used 37831K, committed 38208K, reserved 1089536K
  class space    used 4413K, committed 4608K, reserved 1048576K
}
Event: 1464.066 GC heap before
{Heap before GC invocations=13 (full 1):
 garbage-first heap   total 45056K, used 34333K [0x0000000080000000, 0x0000000100000000)
  region size 1024K, 21 young (21504K), 0 survivors (0K)
 Metaspace       used 38243K, committed 38592K, reserved 1089536K
  class space    used 4431K, committed 4608K, reserved 1048576K
}
Event: 1464.071 GC heap after
{Heap after GC invocations=14 (full 1):
 garbage-first heap   total 45056K, used 14707K [0x0000000080000000, 0x0000000100000000)
  region size 1024K, 2 young (2048K), 2 survivors (2048K)
 Metaspace       used 38243K, committed 38592K, reserved 1089536K
  class space    used 4431K, committed 4608K, reserved 1048576K
}
Event: 1469.538 GC heap before
{Heap before GC invocations=14 (full 1):
 garbage-first heap   total 45056K, used 34163K [0x0000000080000000, 0x0000000100000000)
  region size 1024K, 21 young (21504K), 2 survivors (2048K)
 Metaspace       used 38635K, committed 39040K, reserved 1089536K
  class space    used 4472K, committed 4672K, reserved 1048576K
}
Event: 1469.546 GC heap after
{Heap after GC invocations=15 (full 1):
 garbage-first heap   total 45056K, used 15056K [0x0000000080000000, 0x0000000100000000)
  region size 1024K, 2 young (2048K), 2 survivors (2048K)
 Metaspace       used 38635K, committed 39040K, reserved 1089536K
  class space    used 4472K, committed 4672K, reserved 1048576K
}
Event: 1532.344 GC heap before
{Heap before GC invocations=15 (full 1):
 garbage-first heap   total 45056K, used 33488K [0x0000000080000000, 0x0000000100000000)
  region size 1024K, 20 young (20480K), 2 survivors (2048K)
 Metaspace       used 38824K, committed 39232K, reserved 1089536K
  class space    used 4477K, committed 4672K, reserved 1048576K
}
Event: 1532.348 GC heap after
{Heap after GC invocations=16 (full 1):
 garbage-first heap   total 45056K, used 15350K [0x0000000080000000, 0x0000000100000000)
  region size 1024K, 2 young (2048K), 2 survivors (2048K)
 Metaspace       used 38824K, committed 39232K, reserved 1089536K
  class space    used 4477K, committed 4672K, reserved 1048576K
}

Deoptimization events (20 events):
Event: 1533.291 Thread 0x00000263ab3d65e0 Uncommon trap: trap_request=0xffffffbe fr.pc=0x0000026397bf95c8 relative=0x0000000000000228
Event: 1533.291 Thread 0x00000263ab3d65e0 Uncommon trap: reason=profile_predicate action=maybe_recompile pc=0x0000026397bf95c8 method=java.util.HashMap.keysToArray([Ljava/lang/Object;)[Ljava/lang/Object; @ 48 c2
Event: 1533.291 Thread 0x00000263ab3d65e0 DEOPT PACKING pc=0x0000026397bf95c8 sp=0x000000fbc96facc0
Event: 1533.291 Thread 0x00000263ab3d65e0 DEOPT UNPACKING pc=0x000002638fe75c23 sp=0x000000fbc96fac58 mode 2
Event: 1533.296 Thread 0x00000263ab3d65e0 Uncommon trap: trap_request=0xffffffbe fr.pc=0x0000026397bf95c8 relative=0x0000000000000228
Event: 1533.296 Thread 0x00000263ab3d65e0 Uncommon trap: reason=profile_predicate action=maybe_recompile pc=0x0000026397bf95c8 method=java.util.HashMap.keysToArray([Ljava/lang/Object;)[Ljava/lang/Object; @ 48 c2
Event: 1533.296 Thread 0x00000263ab3d65e0 DEOPT PACKING pc=0x0000026397bf95c8 sp=0x000000fbc96fac90
Event: 1533.296 Thread 0x00000263ab3d65e0 DEOPT UNPACKING pc=0x000002638fe75c23 sp=0x000000fbc96fac28 mode 2
Event: 1533.308 Thread 0x00000263ab3d65e0 Uncommon trap: trap_request=0xffffffd6 fr.pc=0x0000026397bfa3ec relative=0x000000000000044c
Event: 1533.308 Thread 0x00000263ab3d65e0 Uncommon trap: reason=array_check action=maybe_recompile pc=0x0000026397bfa3ec method=java.util.HashMap.keysToArray([Ljava/lang/Object;)[Ljava/lang/Object; @ 62 c2
Event: 1533.308 Thread 0x00000263ab3d65e0 DEOPT PACKING pc=0x0000026397bfa3ec sp=0x000000fbc96fb2a0
Event: 1533.308 Thread 0x00000263ab3d65e0 DEOPT UNPACKING pc=0x000002638fe75c23 sp=0x000000fbc96fb238 mode 2
Event: 1533.309 Thread 0x00000263ab3d65e0 Uncommon trap: trap_request=0xffffffd6 fr.pc=0x0000026397bfa3ec relative=0x000000000000044c
Event: 1533.309 Thread 0x00000263ab3d65e0 Uncommon trap: reason=array_check action=maybe_recompile pc=0x0000026397bfa3ec method=java.util.HashMap.keysToArray([Ljava/lang/Object;)[Ljava/lang/Object; @ 62 c2
Event: 1533.309 Thread 0x00000263ab3d65e0 DEOPT PACKING pc=0x0000026397bfa3ec sp=0x000000fbc96fafa0
Event: 1533.309 Thread 0x00000263ab3d65e0 DEOPT UNPACKING pc=0x000002638fe75c23 sp=0x000000fbc96faf38 mode 2
Event: 1533.309 Thread 0x00000263ab3d65e0 Uncommon trap: trap_request=0xffffffd6 fr.pc=0x0000026397bfa3ec relative=0x000000000000044c
Event: 1533.309 Thread 0x00000263ab3d65e0 Uncommon trap: reason=array_check action=maybe_recompile pc=0x0000026397bfa3ec method=java.util.HashMap.keysToArray([Ljava/lang/Object;)[Ljava/lang/Object; @ 62 c2
Event: 1533.309 Thread 0x00000263ab3d65e0 DEOPT PACKING pc=0x0000026397bfa3ec sp=0x000000fbc96fab60
Event: 1533.309 Thread 0x00000263ab3d65e0 DEOPT UNPACKING pc=0x000002638fe75c23 sp=0x000000fbc96faaf8 mode 2

Classes unloaded (0 events):
No events

Classes redefined (0 events):
No events

Internal exceptions (20 events):
Event: 1531.823 Thread 0x00000263ab3d65e0 Exception <a 'java/io/IOException'{0x00000000823fbfd0}> (0x00000000823fbfd0) 
thrown [s\src\hotspot\share\prims\jni.cpp, line 516]
Event: 1531.823 Thread 0x00000263ab3d65e0 Exception <a 'java/io/IOException'{0x00000000823fc2e0}> (0x00000000823fc2e0) 
thrown [s\src\hotspot\share\prims\jni.cpp, line 516]
Event: 1531.823 Thread 0x00000263ab3d65e0 Exception <a 'java/io/IOException'{0x00000000823fc628}> (0x00000000823fc628) 
thrown [s\src\hotspot\share\prims\jni.cpp, line 516]
Event: 1531.823 Thread 0x00000263ab3d65e0 Exception <a 'java/io/IOException'{0x00000000823fc938}> (0x00000000823fc938) 
thrown [s\src\hotspot\share\prims\jni.cpp, line 516]
Event: 1531.823 Thread 0x00000263ab3d65e0 Exception <a 'java/io/IOException'{0x00000000823fcc80}> (0x00000000823fcc80) 
thrown [s\src\hotspot\share\prims\jni.cpp, line 516]
Event: 1531.823 Thread 0x00000263ab3d65e0 Exception <a 'java/io/IOException'{0x00000000823fcf90}> (0x00000000823fcf90) 
thrown [s\src\hotspot\share\prims\jni.cpp, line 516]
Event: 1531.824 Thread 0x00000263ab3d65e0 Exception <a 'java/io/IOException'{0x00000000823fd2d8}> (0x00000000823fd2d8) 
thrown [s\src\hotspot\share\prims\jni.cpp, line 516]
Event: 1531.824 Thread 0x00000263ab3d65e0 Exception <a 'java/io/IOException'{0x00000000823fd5e8}> (0x00000000823fd5e8) 
thrown [s\src\hotspot\share\prims\jni.cpp, line 516]
Event: 1531.824 Thread 0x00000263ab3d65e0 Exception <a 'java/io/IOException'{0x00000000823fd930}> (0x00000000823fd930) 
thrown [s\src\hotspot\share\prims\jni.cpp, line 516]
Event: 1531.824 Thread 0x00000263ab3d65e0 Exception <a 'java/io/IOException'{0x00000000823fdc40}> (0x00000000823fdc40) 
thrown [s\src\hotspot\share\prims\jni.cpp, line 516]
Event: 1531.824 Thread 0x00000263ab3d65e0 Exception <a 'java/io/IOException'{0x00000000823fe1b0}> (0x00000000823fe1b0) 
thrown [s\src\hotspot\share\prims\jni.cpp, line 516]
Event: 1531.824 Thread 0x00000263ab3d65e0 Exception <a 'java/io/IOException'{0x00000000823fe4c0}> (0x00000000823fe4c0) 
thrown [s\src\hotspot\share\prims\jni.cpp, line 516]
Event: 1531.824 Thread 0x00000263ab3d65e0 Exception <a 'java/io/IOException'{0x00000000823fe808}> (0x00000000823fe808) 
thrown [s\src\hotspot\share\prims\jni.cpp, line 516]
Event: 1531.824 Thread 0x00000263ab3d65e0 Exception <a 'java/io/IOException'{0x00000000823feb18}> (0x00000000823feb18) 
thrown [s\src\hotspot\share\prims\jni.cpp, line 516]
Event: 1531.828 Thread 0x00000263ab3d65e0 Exception <a 'java/io/IOException'{0x0000000082211718}> (0x0000000082211718) 
thrown [s\src\hotspot\share\prims\jni.cpp, line 516]
Event: 1531.828 Thread 0x00000263ab3d65e0 Exception <a 'java/io/IOException'{0x0000000082211a28}> (0x0000000082211a28) 
thrown [s\src\hotspot\share\prims\jni.cpp, line 516]
Event: 1531.836 Thread 0x00000263ab3d65e0 Exception <a 'java/io/IOException'{0x0000000082213548}> (0x0000000082213548) 
thrown [s\src\hotspot\share\prims\jni.cpp, line 516]
Event: 1531.836 Thread 0x00000263ab3d65e0 Exception <a 'java/io/IOException'{0x0000000082213858}> (0x0000000082213858) 
thrown [s\src\hotspot\share\prims\jni.cpp, line 516]
Event: 1533.043 Thread 0x00000263ab3d65e0 Exception <a 'java/lang/NoClassDefFoundError'{0x000000008274c5a0}: org/flywaydb/core/Flyway> (0x000000008274c5a0) 
thrown [s\src\hotspot\share\oops\constantPool.cpp, line 835]
Event: 1533.043 Thread 0x00000263ab3d65e0 Exception <a 'java/lang/NoClassDefFoundError'{0x000000008274cbf0}: liquibase/integration/spring/SpringLiquibase> (0x000000008274cbf0) 
thrown [s\src\hotspot\share\oops\constantPool.cpp, line 835]

VM Operations (20 events):
Event: 1465.774 Executing VM operation: Cleanup done
Event: 1467.830 Executing VM operation: Cleanup
Event: 1467.831 Executing VM operation: Cleanup done
Event: 1468.873 Executing VM operation: Cleanup
Event: 1469.058 Executing VM operation: Cleanup done
Event: 1469.538 Executing VM operation: G1CollectForAllocation
Event: 1469.546 Executing VM operation: G1CollectForAllocation done
Event: 1470.548 Executing VM operation: Cleanup
Event: 1470.698 Executing VM operation: Cleanup done
Event: 1475.740 Executing VM operation: Cleanup
Event: 1475.740 Executing VM operation: Cleanup done
Event: 1486.874 Executing VM operation: Cleanup
Event: 1486.874 Executing VM operation: Cleanup done
Event: 1512.264 Executing VM operation: Cleanup
Event: 1512.264 Executing VM operation: Cleanup done
Event: 1531.432 Executing VM operation: Cleanup
Event: 1531.589 Executing VM operation: Cleanup done
Event: 1532.343 Executing VM operation: G1CollectForAllocation
Event: 1532.348 Executing VM operation: G1CollectForAllocation done
Event: 1533.359 Executing VM operation: Cleanup

Events (20 events):
Event: 1464.742 loading class java/security/AllPermissionCollection
Event: 1464.742 loading class java/security/AllPermissionCollection done
Event: 1464.895 Thread 0x00000263ab3d18e0 Thread added: 0x00000263ab3d18e0
Event: 1464.895 Thread 0x00000263ab3d4dd0 Thread exited: 0x00000263ab3d4dd0
Event: 1467.101 Thread 0x00000263ab3d2280 Thread added: 0x00000263ab3d2280
Event: 1467.350 Thread 0x00000263ab3d2750 Thread added: 0x00000263ab3d2750
Event: 1467.412 Thread 0x00000263ab3d2750 Thread exited: 0x00000263ab3d2750
Event: 1467.682 loading class jdk/internal/access/foreign/MemorySegmentProxy
Event: 1467.682 loading class jdk/internal/access/foreign/MemorySegmentProxy done
Event: 1469.988 Thread 0x00000263ab3d3a90 Thread added: 0x00000263ab3d3a90
Event: 1469.988 Thread 0x00000263ab3d4900 Thread added: 0x00000263ab3d4900
Event: 1469.988 Thread 0x00000263ab3d3f60 Thread added: 0x00000263ab3d3f60
Event: 1470.087 Thread 0x00000263ab3d3f60 Thread exited: 0x00000263ab3d3f60
Event: 1470.101 Thread 0x00000263ab3d0f40 Thread added: 0x00000263ab3d0f40
Event: 1470.101 Thread 0x00000263ab3d2280 Thread exited: 0x00000263ab3d2280
Event: 1470.698 Thread 0x00000263ab3d3a90 Thread exited: 0x00000263ab3d3a90
Event: 1470.698 Thread 0x00000263ab3d4900 Thread exited: 0x00000263ab3d4900
Event: 1531.075 Thread 0x00000263ab3d65e0 Thread added: 0x00000263ab3d65e0
Event: 1531.985 Thread 0x00000263ab3d4430 Thread added: 0x00000263ab3d4430
Event: 1532.125 Thread 0x00000263ab3d4430 Thread exited: 0x00000263ab3d4430


Dynamic libraries:
0x00007ff7856e0000 - 0x00007ff7856ee000 	C:\Users\sfjbs\Downloads\node-20220822T135523Z-001\node\sts-4.15.3.RELEASE\plugins\org.eclipse.justj.openjdk.hotspot.jre.full.win32.x86_64_17.0.4.v20220805-1047\jre\bin\javaw.exe
0x00007ffe90ff0000 - 0x00007ffe911e8000 	C:\Windows\SYSTEM32\ntdll.dll
0x00007ffe902f0000 - 0x00007ffe903ad000 	C:\Windows\System32\KERNEL32.DLL
0x00007ffe8ea80000 - 0x00007ffe8ed4e000 	C:\Windows\System32\KERNELBASE.dll
0x00007ffe8e810000 - 0x00007ffe8e910000 	C:\Windows\System32\ucrtbase.dll
0x00007ffe738c0000 - 0x00007ffe738d8000 	C:\Users\sfjbs\Downloads\node-20220822T135523Z-001\node\sts-4.15.3.RELEASE\plugins\org.eclipse.justj.openjdk.hotspot.jre.full.win32.x86_64_17.0.4.v20220805-1047\jre\bin\jli.dll
0x00007ffe906b0000 - 0x00007ffe90850000 	C:\Windows\System32\USER32.dll
0x00007ffe8e7e0000 - 0x00007ffe8e802000 	C:\Windows\System32\win32u.dll
0x00007ffe8f050000 - 0x00007ffe8f07a000 	C:\Windows\System32\GDI32.dll
0x00007ffe8ed50000 - 0x00007ffe8ee5b000 	C:\Windows\System32\gdi32full.dll
0x00007ffe8e740000 - 0x00007ffe8e7dd000 	C:\Windows\System32\msvcp_win.dll
0x00007ffe87460000 - 0x00007ffe876fa000 	C:\Windows\WinSxS\amd64_microsoft.windows.common-controls_6595b64144ccf1df_6.0.19041.1110_none_60b5254171f9507e\COMCTL32.dll
0x00007ffe8fff0000 - 0x00007ffe9008e000 	C:\Windows\System32\msvcrt.dll
0x00007ffe76b60000 - 0x00007ffe76b79000 	C:\Users\sfjbs\Downloads\node-20220822T135523Z-001\node\sts-4.15.3.RELEASE\plugins\org.eclipse.justj.openjdk.hotspot.jre.full.win32.x86_64_17.0.4.v20220805-1047\jre\bin\VCRUNTIME140.dll
0x00007ffe8f7c0000 - 0x00007ffe8f7f0000 	C:\Windows\System32\IMM32.DLL
0x00007ffe82f90000 - 0x00007ffe82f9c000 	C:\Users\sfjbs\Downloads\node-20220822T135523Z-001\node\sts-4.15.3.RELEASE\plugins\org.eclipse.justj.openjdk.hotspot.jre.full.win32.x86_64_17.0.4.v20220805-1047\jre\bin\vcruntime140_1.dll
0x00007ffe60190000 - 0x00007ffe60221000 	C:\Users\sfjbs\Downloads\node-20220822T135523Z-001\node\sts-4.15.3.RELEASE\plugins\org.eclipse.justj.openjdk.hotspot.jre.full.win32.x86_64_17.0.4.v20220805-1047\jre\bin\msvcp140.dll
0x00007ffe3c240000 - 0x00007ffe3ce86000 	C:\Users\sfjbs\Downloads\node-20220822T135523Z-001\node\sts-4.15.3.RELEASE\plugins\org.eclipse.justj.openjdk.hotspot.jre.full.win32.x86_64_17.0.4.v20220805-1047\jre\bin\server\jvm.dll
0x00007ffe90410000 - 0x00007ffe904be000 	C:\Windows\System32\ADVAPI32.dll
0x00007ffe8f080000 - 0x00007ffe8f11c000 	C:\Windows\System32\sechost.dll
0x00007ffe8f1a0000 - 0x00007ffe8f2c5000 	C:\Windows\System32\RPCRT4.dll
0x00007ffe8f700000 - 0x00007ffe8f708000 	C:\Windows\System32\PSAPI.DLL
0x00007ffe7e8e0000 - 0x00007ffe7e8e9000 	C:\Windows\SYSTEM32\WSOCK32.dll
0x00007ffe90090000 - 0x00007ffe900fb000 	C:\Windows\System32\WS2_32.dll
0x00007ffe80ba0000 - 0x00007ffe80bc7000 	C:\Windows\SYSTEM32\WINMM.dll
0x00007ffe8b410000 - 0x00007ffe8b41a000 	C:\Windows\SYSTEM32\VERSION.dll
0x00007ffe8c5e0000 - 0x00007ffe8c5f2000 	C:\Windows\SYSTEM32\kernel.appcore.dll
0x00007ffe87860000 - 0x00007ffe8786a000 	C:\Users\sfjbs\Downloads\node-20220822T135523Z-001\node\sts-4.15.3.RELEASE\plugins\org.eclipse.justj.openjdk.hotspot.jre.full.win32.x86_64_17.0.4.v20220805-1047\jre\bin\jimage.dll
0x00007ffe87270000 - 0x00007ffe87454000 	C:\Windows\SYSTEM32\DBGHELP.DLL
0x00007ffe87240000 - 0x00007ffe8726c000 	C:\Windows\SYSTEM32\dbgcore.DLL
0x00007ffe8ee60000 - 0x00007ffe8eee2000 	C:\Windows\System32\bcryptPrimitives.dll
0x00007ffe78be0000 - 0x00007ffe78c05000 	C:\Users\sfjbs\Downloads\node-20220822T135523Z-001\node\sts-4.15.3.RELEASE\plugins\org.eclipse.justj.openjdk.hotspot.jre.full.win32.x86_64_17.0.4.v20220805-1047\jre\bin\java.dll
0x00007ffe7a9f0000 - 0x00007ffe7aa08000 	C:\Users\sfjbs\Downloads\node-20220822T135523Z-001\node\sts-4.15.3.RELEASE\plugins\org.eclipse.justj.openjdk.hotspot.jre.full.win32.x86_64_17.0.4.v20220805-1047\jre\bin\zip.dll
0x00007ffe90850000 - 0x00007ffe90f93000 	C:\Windows\System32\SHELL32.dll
0x00007ffe8c7e0000 - 0x00007ffe8cf75000 	C:\Windows\SYSTEM32\windows.storage.dll
0x00007ffe8f3a0000 - 0x00007ffe8f6f4000 	C:\Windows\System32\combase.dll
0x00007ffe8dfc0000 - 0x00007ffe8dff0000 	C:\Windows\SYSTEM32\Wldp.dll
0x00007ffe8f710000 - 0x00007ffe8f7bd000 	C:\Windows\System32\SHCORE.dll
0x00007ffe903b0000 - 0x00007ffe90405000 	C:\Windows\System32\shlwapi.dll
0x00007ffe8e650000 - 0x00007ffe8e66f000 	C:\Windows\SYSTEM32\profapi.dll
0x00007ffe79030000 - 0x00007ffe79049000 	C:\Users\sfjbs\Downloads\node-20220822T135523Z-001\node\sts-4.15.3.RELEASE\plugins\org.eclipse.justj.openjdk.hotspot.jre.full.win32.x86_64_17.0.4.v20220805-1047\jre\bin\net.dll
0x00007ffe85340000 - 0x00007ffe8544a000 	C:\Windows\SYSTEM32\WINHTTP.dll
0x00007ffe8dda0000 - 0x00007ffe8de0a000 	C:\Windows\system32\mswsock.dll
0x00007ffe78f80000 - 0x00007ffe78f95000 	C:\Users\sfjbs\Downloads\node-20220822T135523Z-001\node\sts-4.15.3.RELEASE\plugins\org.eclipse.justj.openjdk.hotspot.jre.full.win32.x86_64_17.0.4.v20220805-1047\jre\bin\nio.dll
0x00007ffe877f0000 - 0x00007ffe87800000 	C:\Users\sfjbs\Downloads\node-20220822T135523Z-001\node\sts-4.15.3.RELEASE\plugins\org.eclipse.justj.openjdk.hotspot.jre.full.win32.x86_64_17.0.4.v20220805-1047\jre\bin\verify.dll
0x00007ffe79250000 - 0x00007ffe79259000 	C:\Users\sfjbs\Downloads\node-20220822T135523Z-001\node\sts-4.15.3.RELEASE\plugins\org.eclipse.justj.openjdk.hotspot.jre.full.win32.x86_64_17.0.4.v20220805-1047\jre\bin\management.dll
0x00007ffe79120000 - 0x00007ffe7912b000 	C:\Users\sfjbs\Downloads\node-20220822T135523Z-001\node\sts-4.15.3.RELEASE\plugins\org.eclipse.justj.openjdk.hotspot.jre.full.win32.x86_64_17.0.4.v20220805-1047\jre\bin\management_ext.dll
0x00007ffe7bef0000 - 0x00007ffe7bf07000 	C:\Windows\system32\napinsp.dll
0x00007ffe7be20000 - 0x00007ffe7be3b000 	C:\Windows\system32\pnrpnsp.dll
0x00007ffe7be00000 - 0x00007ffe7be15000 	C:\Windows\system32\wshbth.dll
0x00007ffe877d0000 - 0x00007ffe877ed000 	C:\Windows\system32\NLAapi.dll
0x00007ffe8dab0000 - 0x00007ffe8daeb000 	C:\Windows\SYSTEM32\IPHLPAPI.DLL
0x00007ffe8db40000 - 0x00007ffe8dc0a000 	C:\Windows\SYSTEM32\DNSAPI.dll
0x00007ffe90fa0000 - 0x00007ffe90fa8000 	C:\Windows\System32\NSI.dll
0x00007ffe7bde0000 - 0x00007ffe7bdf2000 	C:\Windows\System32\winrnr.dll
0x00007ffe85970000 - 0x00007ffe8597a000 	C:\Windows\System32\rasadhlp.dll
0x00007ffe841b0000 - 0x00007ffe84230000 	C:\Windows\System32\fwpuclnt.dll
0x00007ffe8e710000 - 0x00007ffe8e737000 	C:\Windows\System32\bcrypt.dll
0x00007ffe8e000000 - 0x00007ffe8e018000 	C:\Windows\SYSTEM32\CRYPTSP.dll
0x00007ffe8d740000 - 0x00007ffe8d774000 	C:\Windows\system32\rsaenh.dll
0x00007ffe8e610000 - 0x00007ffe8e63e000 	C:\Windows\SYSTEM32\USERENV.dll
0x00007ffe8df30000 - 0x00007ffe8df3c000 	C:\Windows\SYSTEM32\CRYPTBASE.dll
0x00007ffe8b4f0000 - 0x00007ffe8b507000 	C:\Windows\SYSTEM32\dhcpcsvc6.DLL
0x00007ffe86020000 - 0x00007ffe8603d000 	C:\Windows\SYSTEM32\dhcpcsvc.DLL
0x00007ffe86ab0000 - 0x00007ffe86abe000 	C:\Users\sfjbs\Downloads\node-20220822T135523Z-001\node\sts-4.15.3.RELEASE\plugins\org.eclipse.justj.openjdk.hotspot.jre.full.win32.x86_64_17.0.4.v20220805-1047\jre\bin\sunmscapi.dll
0x00007ffe8eef0000 - 0x00007ffe8f046000 	C:\Windows\System32\CRYPT32.dll
0x00007ffe8e110000 - 0x00007ffe8e137000 	C:\Windows\SYSTEM32\ncrypt.dll
0x00007ffe8e0d0000 - 0x00007ffe8e10b000 	C:\Windows\SYSTEM32\NTASN1.dll
0x00007ffe792f0000 - 0x00007ffe792f7000 	C:\Windows\system32\wshunix.dll

dbghelp: loaded successfully - version: 4.0.5 - missing functions: none
symbol engine: initialized successfully - sym options: 0x614 - pdb path: .;C:\Users\sfjbs\Downloads\node-20220822T135523Z-001\node\sts-4.15.3.RELEASE\plugins\org.eclipse.justj.openjdk.hotspot.jre.full.win32.x86_64_17.0.4.v20220805-1047\jre\bin;C:\Windows\SYSTEM32;C:\Windows\WinSxS\amd64_microsoft.windows.common-controls_6595b64144ccf1df_6.0.19041.1110_none_60b5254171f9507e;C:\Users\sfjbs\Downloads\node-20220822T135523Z-001\node\sts-4.15.3.RELEASE\plugins\org.eclipse.justj.openjdk.hotspot.jre.full.win32.x86_64_17.0.4.v20220805-1047\jre\bin\server

VM Arguments:
jvm_args: -Dfile.encoding=UTF-8 -XX:+ShowCodeDetailsInExceptionMessages 
java_command: com.publish.KafkaPublisharApplication
java_class_path (initial): C:\d drive\workspace_19_09_2021\dhiraj\kafka-publishar\target\classes;C:\Users\sfjbs\.m2\repository\org\springframework\boot\spring-boot-starter-web\2.7.4\spring-boot-starter-web-2.7.4.jar;C:\Users\sfjbs\.m2\repository\org\springframework\boot\spring-boot-starter\2.7.4\spring-boot-starter-2.7.4.jar;C:\Users\sfjbs\.m2\repository\org\springframework\boot\spring-boot-starter-logging\2.7.4\spring-boot-starter-logging-2.7.4.jar;C:\Users\sfjbs\.m2\repository\ch\qos\logback\logback-classic\1.2.11\logback-classic-1.2.11.jar;C:\Users\sfjbs\.m2\repository\ch\qos\logback\logback-core\1.2.11\logback-core-1.2.11.jar;C:\Users\sfjbs\.m2\repository\org\apache\logging\log4j\log4j-to-slf4j\2.17.2\log4j-to-slf4j-2.17.2.jar;C:\Users\sfjbs\.m2\repository\org\apache\logging\log4j\log4j-api\2.17.2\log4j-api-2.17.2.jar;C:\Users\sfjbs\.m2\repository\org\slf4j\jul-to-slf4j\1.7.36\jul-to-slf4j-1.7.36.jar;C:\Users\sfjbs\.m2\repository\jakarta\annotation\jakarta.annotation-api\1.3.5\jakarta.annotation-api-1.3.5.jar;C:\Users\sfjbs\.m2\repository\org\yaml\snakeyaml\1.30\snakeyaml-1.30.jar;C:\Users\sfjbs\.m2\repository\org\springframework\boot\spring-boot-starter-json\2.7.4\spring-boot-starter-json-2.7.4.jar;C:\Users\sfjbs\.m2\repository\com\fasterxml\jackson\core\jackson-databind\2.13.4\jackson-databind-2.13.4.jar;C:\Users\sfjbs\.m2\repository\com\fasterxml\jackson\core\jackson-annotations\2.13.4\jackson-annotations-2.13.4.jar;C:\Users\sfjbs\.m2\repository\com\fasterxml\jackson\core\jackson-core\2.13.4\jackson-core-2.13.4.jar;C:\Users\sfjbs\.m2\repository\com\fasterxml\jackson\datatype\jackson-datatype-jdk8\2.13.4\jackson-datatype-jdk8-2.13.4.jar;C:\Users\sfjbs\.m2\repository\com\fasterxml\jackson\datatype\jackson-datatype-jsr310\2.13.4\jackson-datatype-jsr310-2.13.4.jar;C:\Users\sfjbs\.m2\repository\com\fasterxml\jackson\module\jackson-module-parameter-names\2.13.4\jackson-module-parameter-names-2.13.4.jar;C:\Users\sfjbs\.m2\repository\org\springframework\boot\spring
Launcher Type: SUN_STANDARD

[Global flags]
     intx CICompilerCount                          = 2                                         {product} {ergonomic}
     uint ConcGCThreads                            = 1                                         {product} {ergonomic}
     uint G1ConcRefinementThreads                  = 2                                         {product} {ergonomic}
   size_t G1HeapRegionSize                         = 1048576                                   {product} {ergonomic}
    uintx GCDrainStackTargetSize                   = 64                                        {product} {ergonomic}
   size_t InitialHeapSize                          = 134217728                                 {product} {ergonomic}
   size_t MarkStackSize                            = 4194304                                   {product} {ergonomic}
   size_t MaxHeapSize                              = 2147483648                                {product} {ergonomic}
   size_t MaxNewSize                               = 1287651328                                {product} {ergonomic}
   size_t MinHeapDeltaBytes                        = 1048576                                   {product} {ergonomic}
   size_t MinHeapSize                              = 8388608                                   {product} {ergonomic}
    uintx NonNMethodCodeHeapSize                   = 5826188                                {pd product} {ergonomic}
    uintx NonProfiledCodeHeapSize                  = 122916026                              {pd product} {ergonomic}
    uintx ProfiledCodeHeapSize                     = 122916026                              {pd product} {ergonomic}
    uintx ReservedCodeCacheSize                    = 251658240                              {pd product} {ergonomic}
     bool SegmentedCodeCache                       = true                                      {product} {ergonomic}
     bool ShowCodeDetailsInExceptionMessages       = true                                   {manageable} {command line}
   size_t SoftMaxHeapSize                          = 2147483648                             {manageable} {ergonomic}
     bool UseCompressedClassPointers               = true                           {product lp64_product} {ergonomic}
     bool UseCompressedOops                        = true                           {product lp64_product} {ergonomic}
     bool UseG1GC                                  = true                                      {product} {ergonomic}
     bool UseLargePagesIndividualAllocation        = false                                  {pd product} {ergonomic}

Logging:
Log output configuration:
 #0: stdout all=warning uptime,level,tags
 #1: stderr all=off uptime,level,tags

Environment Variables:
PATH=C:/Users/sfjbs/Downloads/node-20220822T135523Z-001/node/sts-4.15.3.RELEASE//plugins/org.eclipse.justj.openjdk.hotspot.jre.full.win32.x86_64_17.0.4.v20220805-1047/jre/bin/server;C:/Users/sfjbs/Downloads/node-20220822T135523Z-001/node/sts-4.15.3.RELEASE//plugins/org.eclipse.justj.openjdk.hotspot.jre.full.win32.x86_64_17.0.4.v20220805-1047/jre/bin;C:\Python310\Scripts\;C:\Python310\;C:\Program Files\Common Files\Oracle\Java\javapath;C:\Windows\system32;C:\Windows;C:\Windows\System32\Wbem;C:\Windows\System32\WindowsPowerShell\v1.0\;C:\Windows\System32\OpenSSH\;C:\Program Files\nodejs\;C:\ProgramData\chocolatey\bin;C:\Program Files\Docker\Docker\resources\bin;C:\ProgramData\DockerDesktop\version-bin;C:\Program Files\Git\cmd;C:\Users\sfjbs\AppData\Local\Microsoft\WindowsApps;C:\Users\sfjbs\AppData\Roaming\npm;C:\Users\sfjbs\AppData\Local\Programs\Microsoft VS Code\bin;C:\Program Files\MongoDB\Server\5.0\bin;;C:\Users\sfjbs\Downloads\node-20220822T135523Z-001\node\sts-4.15.3.RELEASE;
USERNAME=sfjbs
OS=Windows_NT
PROCESSOR_IDENTIFIER=Intel64 Family 6 Model 106 Stepping 6, GenuineIntel
TMP=C:\Users\sfjbs\AppData\Local\Temp
TEMP=C:\Users\sfjbs\AppData\Local\Temp



---------------  S Y S T E M  ---------------

OS:
 Windows 10 , 64 bit Build 19041 (10.0.19041.1889)
OS uptime: 10 days 23:49 hours
Hyper-V role detected

CPU: total 2 (initial active 2) (1 cores per cpu, 2 threads per core) family 6 model 106 stepping 6 microcode 0xffffffff, cx8, cmov, fxsr, ht, mmx, 3dnowpref, sse, sse2, sse3, ssse3, sse4.1, sse4.2, popcnt, lzcnt, tsc, avx, avx2, aes, erms, clmul, bmi1, bmi2, rtm, adx, avx512f, avx512dq, avx512cd, avx512bw, avx512vl, fma, vzeroupper, clflush, clflushopt, hv

Memory: 4k page, system-wide physical 8190M (1731M free)
TotalPageFile size 10238M (AvailPageFile size 5M)
current process WorkingSet (physical memory assigned to process): 164M, peak: 197M
current process commit charge ("private bytes"): 193M, peak: 227M

vm_info: OpenJDK 64-Bit Server VM (17.0.4+8) for windows-amd64 JRE (17.0.4+8), built on Jul 19 2022 16:05:16 by "temurin" with MS VC++ 16.7 (VS2019)

END.
